0 info it worked if it ends with ok
1 verbose cli [ 'c:\\Program Files\\nodejs\\node.exe',
1 verbose cli   'c:\\Program Files\\nodejs\\node_modules\\npm\\bin\\npm-cli.js',
1 verbose cli   'start' ]
2 info using npm@3.10.8
3 info using node@v6.9.1
4 verbose run-script [ 'prestart', 'start', 'poststart' ]
5 info lifecycle hackkings_oversee@1.0.0~prestart: hackkings_oversee@1.0.0
6 verbose lifecycle hackkings_oversee@1.0.0~prestart: unsafe-perm in lifecycle true
7 verbose lifecycle hackkings_oversee@1.0.0~prestart: PATH: c:\Program Files\nodejs\node_modules\npm\bin\node-gyp-bin;c:\Users\Abraao Mota\Desktop\hackkings_oversee\node_modules\.bin;c:\Users\Abraao Mota\bin;.;C:\Program Files (x86)\Git\local\bin;C:\Program Files (x86)\Git\mingw\bin;C:\Program Files (x86)\Git\bin;c:\Program Files\ConEmu\ConEmu\Scripts;c:\Program Files\ConEmu;c:\Program Files\ConEmu\ConEmu;c:\Program Files (x86)\NVIDIA Corporation\PhysX\Common;c:\ProgramData\Oracle\Java\javapath;c:\Program Files\Haskell\bin;c:\Program Files\Haskell Platform\2014.2.0.0\lib\extralibs\bin;c:\Program Files\Haskell Platform\2014.2.0.0\bin;c:\Program Files (x86)\Intel\iCLS Client\;c:\Program Files\Intel\iCLS Client\;c:\WINDOWS\system32;c:\WINDOWS;c:\WINDOWS\System32\Wbem;c:\WINDOWS\System32\WindowsPowerShell\v1.0\;c:\Program Files\Intel\Intel(R) Management Engine Components\DAL;c:\Program Files\Intel\Intel(R) Management Engine Components\IPT;c:\Program Files (x86)\Intel\Intel(R) Management Engine Components\DAL;c:\Program Files (x86)\Intel\Intel(R) Management Engine Components\IPT;c:\Program Files (x86)\Lenovo\Motion Control\;C:\Program Files (x86)\Git\cmd;c:\Program Files\Haskell Platform\2014.2.0.0\mingw\bin;c:\Program Files\MiKTeX 2.9\miktex\bin\x64\;c:\Program Files (x86)\Windows Kits\8.1\Windows Performance Toolkit\;c:\Program Files\Microsoft SQL Server\120\Tools\Binn\;c:\WINDOWS\system32;c:\WINDOWS;c:\WINDOWS\System32\Wbem;c:\WINDOWS\System32\WindowsPowerShell\v1.0\;c:\Program Files (x86)\QuickTime\QTSystem\;c:\Program Files (x86)\Brackets\command;c:\Program Files (x86)\Skype\Phone\;c:\Program Files (x86)\GtkSharp\2.12\bin;c:\WINDOWS\system32\config\systemprofile\.dnx\bin;c:\Program Files\Microsoft DNX\Dnvm\;c:\Program Files\nodejs\;c:\RailsInstaller\Ruby2.1.0\bin;c:\Ruby22\bin;c:\Users\Abraao Mota\AppData\Local\Programs\Python\Python35\Scripts\;c:\Users\Abraao Mota\AppData\Local\Programs\Python\Python35\;c:\Program Files (x86)\Java\jdk1.8.0_25\bin;c:\Users\Abraao Mota\AppData\Roaming\cabal\bin;c:\altera\11.1\modelsim_ase\win32aloem;c:\Users\Abraao Mota\.babun;c:\Users\Abraao Mota\AppData\Roaming\npm
8 verbose lifecycle hackkings_oversee@1.0.0~prestart: CWD: c:\Users\Abraao Mota\Desktop\hackkings_oversee
9 silly lifecycle hackkings_oversee@1.0.0~prestart: Args: [ '/d /s /c',
9 silly lifecycle   'npm run -s build-node && npm run -s build-react' ]
10 silly lifecycle hackkings_oversee@1.0.0~prestart: Returned: code: 1  signal: null
11 info lifecycle hackkings_oversee@1.0.0~prestart: Failed to exec prestart script
12 verbose stack Error: hackkings_oversee@1.0.0 prestart: `npm run -s build-node && npm run -s build-react`
12 verbose stack Exit status 1
12 verbose stack     at EventEmitter.<anonymous> (c:\Program Files\nodejs\node_modules\npm\lib\utils\lifecycle.js:255:16)
12 verbose stack     at emitTwo (events.js:106:13)
12 verbose stack     at EventEmitter.emit (events.js:191:7)
12 verbose stack     at ChildProcess.<anonymous> (c:\Program Files\nodejs\node_modules\npm\lib\utils\spawn.js:40:14)
12 verbose stack     at emitTwo (events.js:106:13)
12 verbose stack     at ChildProcess.emit (events.js:191:7)
12 verbose stack     at maybeClose (internal/child_process.js:877:16)
12 verbose stack     at Process.ChildProcess._handle.onexit (internal/child_process.js:226:5)
13 verbose pkgid hackkings_oversee@1.0.0
14 verbose cwd c:\Users\Abraao Mota\Desktop\hackkings_oversee\src
15 error Windows_NT 10.0.10586
16 error argv "c:\\Program Files\\nodejs\\node.exe" "c:\\Program Files\\nodejs\\node_modules\\npm\\bin\\npm-cli.js" "start"
17 error node v6.9.1
18 error npm  v3.10.8
19 error code ELIFECYCLE
20 error hackkings_oversee@1.0.0 prestart: `npm run -s build-node && npm run -s build-react`
20 error Exit status 1
21 error Failed at the hackkings_oversee@1.0.0 prestart script 'npm run -s build-node && npm run -s build-react'.
21 error Make sure you have the latest version of node.js and npm installed.
21 error If you do, this is most likely a problem with the hackkings_oversee package,
21 error not with npm itself.
21 error Tell the author that this fails on your system:
21 error     npm run -s build-node && npm run -s build-react
21 error You can get information on how to open an issue for this project with:
21 error     npm bugs hackkings_oversee
21 error Or if that isn't available, you can get their info via:
21 error     npm owner ls hackkings_oversee
21 error There is likely additional logging output above.
22 verbose exit [ 1, true ]
